<?xml version="1.0" encoding="UTF-8"?>
<testng-results ignored="0" total="4" passed="4" failed="0" skipped="0">
  <reporter-output>
  </reporter-output>
  <suite started-at="2026-05-25T23:59:08 IST" name="Suite" finished-at="2026-05-25T23:59:30 IST" duration-ms="22062">
    <groups>
      <group name="regression">
        <method signature="TC001_AccountRegistrationTest.acc_reg()[pri:0, instance:testCases.TC001_AccountRegistrationTest@5b6ec132]" name="acc_reg" class="testCases.TC001_AccountRegistrationTest"/>
        <method signature="TC001_AccountRegistrationTest.acc_reg()[pri:0, instance:testCases.TC001_AccountRegistrationTest@5d066c7d]" name="acc_reg" class="testCases.TC001_AccountRegistrationTest"/>
      </group> <!-- regression -->
      <group name="sanity">
        <method signature="TC002_AccountLoginTest.acc_login()[pri:0, instance:testCases.TC002_AccountLoginTest@7b205dbd]" name="acc_login" class="testCases.TC002_AccountLoginTest"/>
        <method signature="TC002_AccountLoginTest.acc_login()[pri:0, instance:testCases.TC002_AccountLoginTest@1e461e41]" name="acc_login" class="testCases.TC002_AccountLoginTest"/>
      </group> <!-- sanity -->
      <group name="master">
        <method signature="TC001_AccountRegistrationTest.acc_reg()[pri:0, instance:testCases.TC001_AccountRegistrationTest@5b6ec132]" name="acc_reg" class="testCases.TC001_AccountRegistrationTest"/>
        <method signature="TC002_AccountLoginTest.acc_login()[pri:0, instance:testCases.TC002_AccountLoginTest@7b205dbd]" name="acc_login" class="testCases.TC002_AccountLoginTest"/>
        <method signature="TC001_AccountRegistrationTest.acc_reg()[pri:0, instance:testCases.TC001_AccountRegistrationTest@5d066c7d]" name="acc_reg" class="testCases.TC001_AccountRegistrationTest"/>
        <method signature="TC002_AccountLoginTest.acc_login()[pri:0, instance:testCases.TC002_AccountLoginTest@1e461e41]" name="acc_login" class="testCases.TC002_AccountLoginTest"/>
      </group> <!-- master -->
    </groups>
    <test started-at="2026-05-25T23:59:08 IST" name="Chrome-Test" finished-at="2026-05-25T23:59:17 IST" duration-ms="8535">
      <class name="testCases.TC001_AccountRegistrationTest">
        <test-method is-config="true" signature="setup(java.lang.String,java.lang.String)[pri:0, instance:testCases.TC001_AccountRegistrationTest@5b6ec132]" started-at="2026-05-25T23:59:09 IST" name="setup" finished-at="2026-05-25T23:59:11 IST" duration-ms="2779" status="PASS">
          <params>
            <param index="0">
              <value>
                <![CDATA[Linux]]>
              </value>
            </param>
            <param index="1">
              <value>
                <![CDATA[chrome]]>
              </value>
            </param>
          </params>
          <reporter-output>
          </reporter-output>
        </test-method> <!-- setup -->
        <test-method signature="acc_reg()[pri:0, instance:testCases.TC001_AccountRegistrationTest@5b6ec132]" started-at="2026-05-25T23:59:11 IST" name="acc_reg" finished-at="2026-05-25T23:59:14 IST" duration-ms="2230" status="PASS">
          <reporter-output>
          </reporter-output>
        </test-method> <!-- acc_reg -->
        <test-method is-config="true" signature="tearDown()[pri:0, instance:testCases.TC001_AccountRegistrationTest@5b6ec132]" started-at="2026-05-25T23:59:14 IST" name="tearDown" finished-at="2026-05-25T23:59:14 IST" duration-ms="92" status="PASS">
          <reporter-output>
          </reporter-output>
        </test-method> <!-- tearDown -->
      </class> <!-- testCases.TC001_AccountRegistrationTest -->
      <class name="testCases.TC002_AccountLoginTest">
        <test-method is-config="true" signature="setup(java.lang.String,java.lang.String)[pri:0, instance:testCases.TC002_AccountLoginTest@7b205dbd]" started-at="2026-05-25T23:59:14 IST" name="setup" finished-at="2026-05-25T23:59:15 IST" duration-ms="1436" status="PASS">
          <params>
            <param index="0">
              <value>
                <![CDATA[Linux]]>
              </value>
            </param>
            <param index="1">
              <value>
                <![CDATA[chrome]]>
              </value>
            </param>
          </params>
          <reporter-output>
          </reporter-output>
        </test-method> <!-- setup -->
        <test-method signature="acc_login()[pri:0, instance:testCases.TC002_AccountLoginTest@7b205dbd]" started-at="2026-05-25T23:59:15 IST" name="acc_login" finished-at="2026-05-25T23:59:17 IST" duration-ms="1725" status="PASS">
          <reporter-output>
          </reporter-output>
        </test-method> <!-- acc_login -->
        <test-method is-config="true" signature="tearDown()[pri:0, instance:testCases.TC002_AccountLoginTest@7b205dbd]" started-at="2026-05-25T23:59:17 IST" name="tearDown" finished-at="2026-05-25T23:59:17 IST" duration-ms="84" status="PASS">
          <reporter-output>
          </reporter-output>
        </test-method> <!-- tearDown -->
      </class> <!-- testCases.TC002_AccountLoginTest -->
    </test> <!-- Chrome-Test -->
    <test started-at="2026-05-25T23:59:19 IST" name="Firefox-Test" finished-at="2026-05-25T23:59:30 IST" duration-ms="11674">
      <class name="testCases.TC001_AccountRegistrationTest">
        <test-method is-config="true" signature="setup(java.lang.String,java.lang.String)[pri:0, instance:testCases.TC001_AccountRegistrationTest@5d066c7d]" started-at="2026-05-25T23:59:19 IST" name="setup" finished-at="2026-05-25T23:59:23 IST" duration-ms="3847" status="PASS">
          <params>
            <param index="0">
              <value>
                <![CDATA[Linux]]>
              </value>
            </param>
            <param index="1">
              <value>
                <![CDATA[firefox]]>
              </value>
            </param>
          </params>
          <reporter-output>
          </reporter-output>
        </test-method> <!-- setup -->
        <test-method signature="acc_reg()[pri:0, instance:testCases.TC001_AccountRegistrationTest@5d066c7d]" started-at="2026-05-25T23:59:23 IST" name="acc_reg" finished-at="2026-05-25T23:59:25 IST" duration-ms="1882" status="PASS">
          <reporter-output>
          </reporter-output>
        </test-method> <!-- acc_reg -->
        <test-method is-config="true" signature="tearDown()[pri:0, instance:testCases.TC001_AccountRegistrationTest@5d066c7d]" started-at="2026-05-25T23:59:25 IST" name="tearDown" finished-at="2026-05-25T23:59:25 IST" duration-ms="545" status="PASS">
          <reporter-output>
          </reporter-output>
        </test-method> <!-- tearDown -->
      </class> <!-- testCases.TC001_AccountRegistrationTest -->
      <class name="testCases.TC002_AccountLoginTest">
        <test-method is-config="true" signature="setup(java.lang.String,java.lang.String)[pri:0, instance:testCases.TC002_AccountLoginTest@1e461e41]" started-at="2026-05-25T23:59:25 IST" name="setup" finished-at="2026-05-25T23:59:28 IST" duration-ms="3032" status="PASS">
          <params>
            <param index="0">
              <value>
                <![CDATA[Linux]]>
              </value>
            </param>
            <param index="1">
              <value>
                <![CDATA[firefox]]>
              </value>
            </param>
          </params>
          <reporter-output>
          </reporter-output>
        </test-method> <!-- setup -->
        <test-method signature="acc_login()[pri:0, instance:testCases.TC002_AccountLoginTest@1e461e41]" started-at="2026-05-25T23:59:28 IST" name="acc_login" finished-at="2026-05-25T23:59:30 IST" duration-ms="1811" status="PASS">
          <reporter-output>
          </reporter-output>
        </test-method> <!-- acc_login -->
        <test-method is-config="true" signature="tearDown()[pri:0, instance:testCases.TC002_AccountLoginTest@1e461e41]" started-at="2026-05-25T23:59:30 IST" name="tearDown" finished-at="2026-05-25T23:59:30 IST" duration-ms="548" status="PASS">
          <reporter-output>
          </reporter-output>
        </test-method> <!-- tearDown -->
      </class> <!-- testCases.TC002_AccountLoginTest -->
    </test> <!-- Firefox-Test -->
  </suite> <!-- Suite -->
</testng-results>
