<?xml version="1.0" encoding="UTF-8"?>
<!-- Generated by org.testng.reporters.JUnitReportReporter -->
<testsuite hostname="PC" failures="0" tests="2" name="testCases.TC001_AccountRegistrationTest" time="4.112" errors="0" timestamp="2026-05-25T23:59:31 IST" skipped="0">
  <testcase classname="testCases.TC001_AccountRegistrationTest" name="acc_reg" time="2.230"/>
  <testcase classname="testCases.TC001_AccountRegistrationTest" name="acc_reg" time="1.882"/>
</testsuite> <!-- testCases.TC001_AccountRegistrationTest -->
